           1           0
           2           1
           3           0
           4           2
           5           1
           6           0
           7           0
           8           2
           9           1
          10           1
          11           0
          12           2
          13           0
          14           1
          15           1
          16           2
          17           1
          18           1
          19           1
          20           0
          21           0
          22           2
          23           2
          24           1
          25           1
          26           1
          27           2
          28           2
          29           0
          30           1
          31           2
          32           2
          33           1
          34           0
          35           2
          36           2
          37           0
          38           0
          39           1
          40           0
          41           1
          42           2
          43           0
          44           1
          45           0
          46           1
          47           2
          48           1
          49           2
          50           0
          51           0
          52           2
          53           0
          54           0
          55           0
          56           1
          57           1
          58           2
          59           1
          60           0
          61           1
          62           1
          63           1
          64           0
          65           0
          66           0
          67           0
          68           1
          69           2
          70           0
          71           2
          72           0
          73           2
          74           2
          75           2
          76           1
          77           2
          78           2
          79           2
          80           2
          81           0
          82           2
          83           1
          84           2
