           1           2
           2           0
           3           2
           4           1
           5           2
           6           2
           7           0
           8           1
           9           0
          10           1
          11           2
          12           1
          13           1
          14           0
          15           2
          16           1
          17           0
          18           0
          19           1
          20           1
          21           1
          22           2
          23           0
          24           0
          25           2
          26           0
          27           0
          28           2
          29           0
          30           0
          31           2
          32           2
          33           2
          34           2
          35           2
          36           0
          37           2
          38           2
          39           1
          40           2
          41           0
          42           1
          43           1
          44           0
          45           2
          46           1
          47           1
          48           1
          49           0
          50           1
          51           0
          52           0
          53           0
          54           1
          55           2
          56           1
          57           2
          58           2
          59           1
          60           0
          61           2
          62           2
          63           1
          64           0
          65           0
          66           0
          67           0
          68           1
          69           0
          70           1
          71           2
          72           1
          73           1
          74           2
          75           2
          76           0
          77           1
          78           1
          79           1
          80           2
          81           0
          82           2
          83           0
          84           1
