           1           0
           2           2
           3           1
           4           0
           5           2
           6           1
           7           0
           8           0
           9           2
          10           0
          11           0
          12           0
          13           1
          14           1
          15           2
          16           2
          17           2
          18           1
          19           0
          20           2
          21           0
          22           2
          23           1
          24           1
          25           1
          26           0
          27           1
          28           0
          29           0
          30           0
          31           0
          32           2
          33           2
          34           2
          35           0
          36           1
          37           2
          38           0
          39           2
          40           1
          41           2
          42           0
          43           0
          44           1
          45           1
          46           1
          47           0
          48           2
          49           2
          50           2
          51           1
          52           2
          53           1
          54           2
          55           2
          56           1
          57           1
          58           2
          59           0
          60           1
          61           1
          62           2
          63           1
          64           1
          65           1
          66           0
          67           1
          68           0
          69           0
          70           2
          71           0
          72           2
          73           2
          74           0
          75           1
          76           2
          77           2
          78           0
          79           0
          80           1
          81           0
          82           1
          83           2
          84           1
